<?xml version="1.0" encoding="UTF-8"?>
<!-- Generated by org.testng.reporters.JUnitXMLReporter -->
<testsuite ignored="8" hostname="LAPTOP-4E50I06M" failures="0" tests="20" name="chromeTest" time="149.169" errors="0" timestamp="2025-08-12T02:34:57 EEST">
  <testcase classname="testCases.login_Tests.TC001_LoginTest" name="Verify_Login" time="3.156"/>
  <testcase classname="testCases.login_Tests.TC002_Login_DataDrivenTesting" name="Verify_Login_with_dataDrivenTesting" time="0.752"/>
  <testcase classname="testCases.login_Tests.TC002_Login_DataDrivenTesting" name="Verify_Login_with_dataDrivenTesting" time="0.726"/>
  <testcase classname="testCases.login_Tests.TC002_Login_DataDrivenTesting" name="Verify_Login_with_dataDrivenTesting" time="0.682"/>
  <testcase classname="testCases.login_Tests.TC002_Login_DataDrivenTesting" name="Verify_Login_with_dataDrivenTesting" time="1.903"/>
  <testcase classname="testCases.login_Tests.TC002_Login_DataDrivenTesting" name="Verify_Login_with_dataDrivenTesting" time="3.463"/>
  <testcase classname="testCases.login_Tests.TC002_Login_DataDrivenTesting" name="Verify_Login_with_dataDrivenTesting" time="2.595"/>
  <testcase classname="testCases.EmployeeEndtoEnd_Tests.TC003_AddEmployeeTest" name="Verify_AddEmployee" time="9.904"/>
  <testcase classname="testCases.EmployeeEndtoEnd_Tests.TC004_SearchforEmployeeTest" name="Verify_SearchEmployee" time="8.638"/>
  <testcase classname="testCases.EmployeeEndtoEnd_Tests.TC005_LoginNewEmployeeTest" name="Verify_LoginWithNewEmployee" time="3.032"/>
  <testcase classname="testCases.EmployeeEndtoEnd_Tests.TC006_TerminateEmployeeContractTest" name="Verify_TerminateEmployeeContract" time="14.476"/>
  <testcase classname="testCases.EmployeeEndtoEnd_Tests.TC007_LoginAsTerminatedEmployeeTest" name="Verify_LoginWithNewEmployee" time="2.873"/>
  <testcase classname="testCases.EmployeeEndtoEnd_Tests.TC008_RemoveEmployeeTest" name="Verify_AddEmployee" time="9.954"/>
  <testcase classname="testCases.CandidateEndtoEnd_Tests.TC009_CandidateAddingToHiring_Test" name="Validate_AddingVacancy" time="11.546"/>
  <testcase classname="testCases.CandidateEndtoEnd_Tests.TC009_CandidateAddingToHiring_Test" name="Validate_AddingCandidate" time="4.319"/>
  <testcase classname="testCases.CandidateEndtoEnd_Tests.TC009_CandidateAddingToHiring_Test" name="Validate_AddCandidateToShortList" time="5.726"/>
  <testcase classname="testCases.CandidateEndtoEnd_Tests.TC009_CandidateAddingToHiring_Test" name="Validate_SchedulingInterview" time="7.923"/>
  <testcase classname="testCases.CandidateEndtoEnd_Tests.TC009_CandidateAddingToHiring_Test" name="Validate_PassingInterview" time="5.284"/>
  <testcase classname="testCases.CandidateEndtoEnd_Tests.TC009_CandidateAddingToHiring_Test" name="Validate_OfferJob" time="5.317"/>
  <testcase classname="testCases.CandidateEndtoEnd_Tests.TC009_CandidateAddingToHiring_Test" name="Validate_HiringCandidate" time="5.258"/>
  <testcase classname="testBase.BaseClass" name="@AfterTest teardownRandomObject" time="0.0">
    <ignored/>
  </testcase> <!-- @AfterTest teardownRandomObject -->
  <testcase classname="testBase.BaseClass" name="@AfterTest teardownRandomObject" time="0.0">
    <ignored/>
  </testcase> <!-- @AfterTest teardownRandomObject -->
  <testcase classname="testBase.BaseClass" name="@AfterTest teardownRandomObject" time="0.0">
    <ignored/>
  </testcase> <!-- @AfterTest teardownRandomObject -->
  <testcase classname="testBase.BaseClass" name="@AfterTest teardownRandomObject" time="0.0">
    <ignored/>
  </testcase> <!-- @AfterTest teardownRandomObject -->
  <testcase classname="testBase.BaseClass" name="@AfterTest teardownRandomObject" time="0.0">
    <ignored/>
  </testcase> <!-- @AfterTest teardownRandomObject -->
  <testcase classname="testBase.BaseClass" name="@AfterTest teardownRandomObject" time="0.0">
    <ignored/>
  </testcase> <!-- @AfterTest teardownRandomObject -->
  <testcase classname="testBase.BaseClass" name="@AfterTest teardownRandomObject" time="0.0">
    <ignored/>
  </testcase> <!-- @AfterTest teardownRandomObject -->
  <testcase classname="testBase.BaseClass" name="@AfterTest teardownRandomObject" time="0.0">
    <ignored/>
  </testcase> <!-- @AfterTest teardownRandomObject -->
</testsuite> <!-- chromeTest -->
