<?xml version="1.0" encoding="UTF-8"?>
<!-- Generated by org.testng.reporters.JUnitXMLReporter -->
<testsuite ignored="8" hostname="LAPTOP-4E50I06M" failures="0" tests="20" name="edgeTest" time="146.23" errors="0" timestamp="2025-08-12T02:40:07 EEST">
  <testcase classname="testCases.login_Tests.TC001_LoginTest" name="Verify_Login" time="2.885"/>
  <testcase classname="testCases.login_Tests.TC002_Login_DataDrivenTesting" name="Verify_Login_with_dataDrivenTesting" time="0.747"/>
  <testcase classname="testCases.login_Tests.TC002_Login_DataDrivenTesting" name="Verify_Login_with_dataDrivenTesting" time="0.599"/>
  <testcase classname="testCases.login_Tests.TC002_Login_DataDrivenTesting" name="Verify_Login_with_dataDrivenTesting" time="0.639"/>
  <testcase classname="testCases.login_Tests.TC002_Login_DataDrivenTesting" name="Verify_Login_with_dataDrivenTesting" time="1.792"/>
  <testcase classname="testCases.login_Tests.TC002_Login_DataDrivenTesting" name="Verify_Login_with_dataDrivenTesting" time="3.144"/>
  <testcase classname="testCases.login_Tests.TC002_Login_DataDrivenTesting" name="Verify_Login_with_dataDrivenTesting" time="2.715"/>
  <testcase classname="testCases.EmployeeEndtoEnd_Tests.TC003_AddEmployeeTest" name="Verify_AddEmployee" time="9.217"/>
  <testcase classname="testCases.EmployeeEndtoEnd_Tests.TC004_SearchforEmployeeTest" name="Verify_SearchEmployee" time="8.528"/>
  <testcase classname="testCases.EmployeeEndtoEnd_Tests.TC005_LoginNewEmployeeTest" name="Verify_LoginWithNewEmployee" time="2.834"/>
  <testcase classname="testCases.EmployeeEndtoEnd_Tests.TC006_TerminateEmployeeContractTest" name="Verify_TerminateEmployeeContract" time="18.958"/>
  <testcase classname="testCases.EmployeeEndtoEnd_Tests.TC007_LoginAsTerminatedEmployeeTest" name="Verify_LoginWithNewEmployee" time="4.508"/>
  <testcase classname="testCases.EmployeeEndtoEnd_Tests.TC008_RemoveEmployeeTest" name="Verify_AddEmployee" time="9.809"/>
  <testcase classname="testCases.CandidateEndtoEnd_Tests.TC009_CandidateAddingToHiring_Test" name="Validate_AddingVacancy" time="11.408"/>
  <testcase classname="testCases.CandidateEndtoEnd_Tests.TC009_CandidateAddingToHiring_Test" name="Validate_AddingCandidate" time="4.35"/>
  <testcase classname="testCases.CandidateEndtoEnd_Tests.TC009_CandidateAddingToHiring_Test" name="Validate_AddCandidateToShortList" time="5.656"/>
  <testcase classname="testCases.CandidateEndtoEnd_Tests.TC009_CandidateAddingToHiring_Test" name="Validate_SchedulingInterview" time="7.782"/>
  <testcase classname="testCases.CandidateEndtoEnd_Tests.TC009_CandidateAddingToHiring_Test" name="Validate_PassingInterview" time="5.583"/>
  <testcase classname="testCases.CandidateEndtoEnd_Tests.TC009_CandidateAddingToHiring_Test" name="Validate_OfferJob" time="5.608"/>
  <testcase classname="testCases.CandidateEndtoEnd_Tests.TC009_CandidateAddingToHiring_Test" name="Validate_HiringCandidate" time="6.3"/>
  <testcase classname="testBase.BaseClass" name="@AfterTest teardownRandomObject" time="0.0">
    <ignored/>
  </testcase> <!-- @AfterTest teardownRandomObject -->
  <testcase classname="testBase.BaseClass" name="@AfterTest teardownRandomObject" time="0.0">
    <ignored/>
  </testcase> <!-- @AfterTest teardownRandomObject -->
  <testcase classname="testBase.BaseClass" name="@AfterTest teardownRandomObject" time="0.0">
    <ignored/>
  </testcase> <!-- @AfterTest teardownRandomObject -->
  <testcase classname="testBase.BaseClass" name="@AfterTest teardownRandomObject" time="0.0">
    <ignored/>
  </testcase> <!-- @AfterTest teardownRandomObject -->
  <testcase classname="testBase.BaseClass" name="@AfterTest teardownRandomObject" time="0.0">
    <ignored/>
  </testcase> <!-- @AfterTest teardownRandomObject -->
  <testcase classname="testBase.BaseClass" name="@AfterTest teardownRandomObject" time="0.0">
    <ignored/>
  </testcase> <!-- @AfterTest teardownRandomObject -->
  <testcase classname="testBase.BaseClass" name="@AfterTest teardownRandomObject" time="0.0">
    <ignored/>
  </testcase> <!-- @AfterTest teardownRandomObject -->
  <testcase classname="testBase.BaseClass" name="@AfterTest teardownRandomObject" time="0.0">
    <ignored/>
  </testcase> <!-- @AfterTest teardownRandomObject -->
</testsuite> <!-- edgeTest -->
