<?xml version="1.0" encoding="UTF-8"?>
<!-- Generated by org.testng.reporters.JUnitXMLReporter -->
<testsuite ignored="8" hostname="LAPTOP-4E50I06M" failures="0" tests="20" name="firefoxTest" time="164.014" errors="0" timestamp="2025-08-12T02:37:41 EEST">
  <testcase classname="testCases.login_Tests.TC001_LoginTest" name="Verify_Login" time="2.432"/>
  <testcase classname="testCases.login_Tests.TC002_Login_DataDrivenTesting" name="Verify_Login_with_dataDrivenTesting" time="0.357"/>
  <testcase classname="testCases.login_Tests.TC002_Login_DataDrivenTesting" name="Verify_Login_with_dataDrivenTesting" time="0.233"/>
  <testcase classname="testCases.login_Tests.TC002_Login_DataDrivenTesting" name="Verify_Login_with_dataDrivenTesting" time="0.266"/>
  <testcase classname="testCases.login_Tests.TC002_Login_DataDrivenTesting" name="Verify_Login_with_dataDrivenTesting" time="1.502"/>
  <testcase classname="testCases.login_Tests.TC002_Login_DataDrivenTesting" name="Verify_Login_with_dataDrivenTesting" time="3.247"/>
  <testcase classname="testCases.login_Tests.TC002_Login_DataDrivenTesting" name="Verify_Login_with_dataDrivenTesting" time="2.527"/>
  <testcase classname="testCases.EmployeeEndtoEnd_Tests.TC003_AddEmployeeTest" name="Verify_AddEmployee" time="8.729"/>
  <testcase classname="testCases.EmployeeEndtoEnd_Tests.TC004_SearchforEmployeeTest" name="Verify_SearchEmployee" time="8.223"/>
  <testcase classname="testCases.EmployeeEndtoEnd_Tests.TC005_LoginNewEmployeeTest" name="Verify_LoginWithNewEmployee" time="2.441"/>
  <testcase classname="testCases.EmployeeEndtoEnd_Tests.TC006_TerminateEmployeeContractTest" name="Verify_TerminateEmployeeContract" time="14.301"/>
  <testcase classname="testCases.EmployeeEndtoEnd_Tests.TC007_LoginAsTerminatedEmployeeTest" name="Verify_LoginWithNewEmployee" time="2.476"/>
  <testcase classname="testCases.EmployeeEndtoEnd_Tests.TC008_RemoveEmployeeTest" name="Verify_AddEmployee" time="9.25"/>
  <testcase classname="testCases.CandidateEndtoEnd_Tests.TC009_CandidateAddingToHiring_Test" name="Validate_AddingVacancy" time="11.842"/>
  <testcase classname="testCases.CandidateEndtoEnd_Tests.TC009_CandidateAddingToHiring_Test" name="Validate_AddingCandidate" time="3.626"/>
  <testcase classname="testCases.CandidateEndtoEnd_Tests.TC009_CandidateAddingToHiring_Test" name="Validate_AddCandidateToShortList" time="5.905"/>
  <testcase classname="testCases.CandidateEndtoEnd_Tests.TC009_CandidateAddingToHiring_Test" name="Validate_SchedulingInterview" time="7.15"/>
  <testcase classname="testCases.CandidateEndtoEnd_Tests.TC009_CandidateAddingToHiring_Test" name="Validate_PassingInterview" time="5.368"/>
  <testcase classname="testCases.CandidateEndtoEnd_Tests.TC009_CandidateAddingToHiring_Test" name="Validate_OfferJob" time="5.312"/>
  <testcase classname="testCases.CandidateEndtoEnd_Tests.TC009_CandidateAddingToHiring_Test" name="Validate_HiringCandidate" time="5.808"/>
  <testcase classname="testBase.BaseClass" name="@AfterTest teardownRandomObject" time="0.0">
    <ignored/>
  </testcase> <!-- @AfterTest teardownRandomObject -->
  <testcase classname="testBase.BaseClass" name="@AfterTest teardownRandomObject" time="0.0">
    <ignored/>
  </testcase> <!-- @AfterTest teardownRandomObject -->
  <testcase classname="testBase.BaseClass" name="@AfterTest teardownRandomObject" time="0.0">
    <ignored/>
  </testcase> <!-- @AfterTest teardownRandomObject -->
  <testcase classname="testBase.BaseClass" name="@AfterTest teardownRandomObject" time="0.0">
    <ignored/>
  </testcase> <!-- @AfterTest teardownRandomObject -->
  <testcase classname="testBase.BaseClass" name="@AfterTest teardownRandomObject" time="0.0">
    <ignored/>
  </testcase> <!-- @AfterTest teardownRandomObject -->
  <testcase classname="testBase.BaseClass" name="@AfterTest teardownRandomObject" time="0.0">
    <ignored/>
  </testcase> <!-- @AfterTest teardownRandomObject -->
  <testcase classname="testBase.BaseClass" name="@AfterTest teardownRandomObject" time="0.0">
    <ignored/>
  </testcase> <!-- @AfterTest teardownRandomObject -->
  <testcase classname="testBase.BaseClass" name="@AfterTest teardownRandomObject" time="0.0">
    <ignored/>
  </testcase> <!-- @AfterTest teardownRandomObject -->
</testsuite> <!-- firefoxTest -->
