<?xml version="1.0" encoding="UTF-8"?>
<!-- Generated by org.testng.reporters.JUnitXMLReporter -->
<testsuite ignored="0" hostname="LAPTOP-4E50I06M" failures="0" tests="20" name="MyTest" time="118.845" errors="0" timestamp="2025-08-11T17:02:09 EEST">
  <testcase classname="testCases.login_Tests.TC001_LoginTest" name="Verify_Login" time="2.561"/>
  <testcase classname="testCases.login_Tests.TC002_Login_DataDrivenTesting" name="Verify_Login_with_dataDrivenTesting" time="0.416"/>
  <testcase classname="testCases.login_Tests.TC002_Login_DataDrivenTesting" name="Verify_Login_with_dataDrivenTesting" time="0.399"/>
  <testcase classname="testCases.login_Tests.TC002_Login_DataDrivenTesting" name="Verify_Login_with_dataDrivenTesting" time="0.392"/>
  <testcase classname="testCases.login_Tests.TC002_Login_DataDrivenTesting" name="Verify_Login_with_dataDrivenTesting" time="1.539"/>
  <testcase classname="testCases.login_Tests.TC002_Login_DataDrivenTesting" name="Verify_Login_with_dataDrivenTesting" time="3.919"/>
  <testcase classname="testCases.login_Tests.TC002_Login_DataDrivenTesting" name="Verify_Login_with_dataDrivenTesting" time="2.422"/>
  <testcase classname="testCases.EmployeeEndtoEnd_Tests.TC003_AddEmployeeTest" name="Verify_AddEmployee" time="7.947"/>
  <testcase classname="testCases.EmployeeEndtoEnd_Tests.TC004_SearchforEmployeeTest" name="Verify_AddEmployee" time="5.35"/>
  <testcase classname="testCases.EmployeeEndtoEnd_Tests.TC005_LoginNewEmployeeTest" name="Verify_LoginWithNewEmployee" time="2.363"/>
  <testcase classname="testCases.EmployeeEndtoEnd_Tests.TC006_TerminateEmployeeContractTest" name="Verify_TerminateEmployeeContract" time="9.188"/>
  <testcase classname="testCases.EmployeeEndtoEnd_Tests.TC007_LoginAsTerminatedEmployeeTest" name="Verify_LoginWithNewEmployee" time="2.4"/>
  <testcase classname="testCases.EmployeeEndtoEnd_Tests.TC008_RemoveEmployeeTest" name="Verify_AddEmployee" time="6.007"/>
  <testcase classname="testCases.CandidateEndtoEnd_Tests.TC009_CandidateAddingToHiring_Test" name="Validate_AddingVacancy" time="9.557"/>
  <testcase classname="testCases.CandidateEndtoEnd_Tests.TC009_CandidateAddingToHiring_Test" name="Validate_AddingCandidate" time="3.047"/>
  <testcase classname="testCases.CandidateEndtoEnd_Tests.TC009_CandidateAddingToHiring_Test" name="Validate_AddCandidateToShortList" time="6.013"/>
  <testcase classname="testCases.CandidateEndtoEnd_Tests.TC009_CandidateAddingToHiring_Test" name="Validate_SchedulingInterview" time="7.015"/>
  <testcase classname="testCases.CandidateEndtoEnd_Tests.TC009_CandidateAddingToHiring_Test" name="Validate_PassingInterview" time="5.811"/>
  <testcase classname="testCases.CandidateEndtoEnd_Tests.TC009_CandidateAddingToHiring_Test" name="Validate_OfferJob" time="5.227"/>
  <testcase classname="testCases.CandidateEndtoEnd_Tests.TC009_CandidateAddingToHiring_Test" name="Validate_HiringCandidate" time="5.211"/>
</testsuite> <!-- MyTest -->
