<?xml version="1.0" encoding="UTF-8"?>
<!-- Generated by org.testng.reporters.JUnitXMLReporter -->
<testsuite ignored="11" hostname="LAPTOP-4E50I06M" failures="0" tests="0" name="firefoxTest" time="9.008" errors="0" timestamp="2025-08-11T17:27:28 EEST">
  <testcase classname="testCases.EmployeeEndtoEnd_Tests.TC007_LoginAsTerminatedEmployeeTest" name="Verify_LoginWithNewEmployee" time="0.0">
    <ignored/>
  </testcase> <!-- Verify_LoginWithNewEmployee -->
  <testcase classname="testCases.EmployeeEndtoEnd_Tests.TC004_SearchforEmployeeTest" name="Verify_AddEmployee" time="0.0">
    <ignored/>
  </testcase> <!-- Verify_AddEmployee -->
  <testcase classname="testCases.EmployeeEndtoEnd_Tests.TC008_RemoveEmployeeTest" name="Verify_AddEmployee" time="0.0">
    <ignored/>
  </testcase> <!-- Verify_AddEmployee -->
  <testcase classname="testCases.EmployeeEndtoEnd_Tests.TC006_TerminateEmployeeContractTest" name="Verify_TerminateEmployeeContract" time="0.0">
    <ignored/>
  </testcase> <!-- Verify_TerminateEmployeeContract -->
  <testcase classname="testCases.CandidateEndtoEnd_Tests.TC009_CandidateAddingToHiring_Test" name="Validate_AddCandidateToShortList" time="0.0">
    <ignored/>
  </testcase> <!-- Validate_AddCandidateToShortList -->
  <testcase classname="testCases.CandidateEndtoEnd_Tests.TC009_CandidateAddingToHiring_Test" name="Validate_HiringCandidate" time="0.0">
    <ignored/>
  </testcase> <!-- Validate_HiringCandidate -->
  <testcase classname="testCases.EmployeeEndtoEnd_Tests.TC005_LoginNewEmployeeTest" name="Verify_LoginWithNewEmployee" time="0.0">
    <ignored/>
  </testcase> <!-- Verify_LoginWithNewEmployee -->
  <testcase classname="testCases.CandidateEndtoEnd_Tests.TC009_CandidateAddingToHiring_Test" name="Validate_PassingInterview" time="0.0">
    <ignored/>
  </testcase> <!-- Validate_PassingInterview -->
  <testcase classname="testCases.login_Tests.TC002_Login_DataDrivenTesting" name="Verify_Login_with_dataDrivenTesting" time="0.0">
    <ignored/>
  </testcase> <!-- Verify_Login_with_dataDrivenTesting -->
  <testcase classname="testCases.CandidateEndtoEnd_Tests.TC009_CandidateAddingToHiring_Test" name="Validate_SchedulingInterview" time="0.0">
    <ignored/>
  </testcase> <!-- Validate_SchedulingInterview -->
  <testcase classname="testCases.CandidateEndtoEnd_Tests.TC009_CandidateAddingToHiring_Test" name="Validate_OfferJob" time="0.0">
    <ignored/>
  </testcase> <!-- Validate_OfferJob -->
</testsuite> <!-- firefoxTest -->
