<?xml version="1.0" encoding="UTF-8"?>
<testsuite xmlns:xsi="http://www.w3.org/2001/XMLSchema-instance" xsi:noNamespaceSchemaLocation="https://maven.apache.org/surefire/maven-surefire-plugin/xsd/surefire-test-report-3.0.xsd" version="3.0" name="TestSuite" time="461.468" tests="60" errors="0" skipped="0" failures="0">
  <properties>
[...]
</properties>
  <testcase name="Verify_Login" classname="testCases.login_Tests.TC001_LoginTest" time="3.147">
    <system-err><![CDATA[SLF4J(W): No SLF4J providers were found.
SLF4J(W): Defaulting to no-operation (NOP) logger implementation
SLF4J(W): See https://www.slf4j.org/codes.html#noProviders for further details.
2025-08-11T23:32:28.848627100Z main DEBUG Apache Log4j Core 2.25 initializing configuration XmlConfiguration[location=D:\ITI\Automation project\orangehrm\target\test-classes\log4j2.xml, lastModified=2025-08-11T22:34:59.263Z]
2025-08-11T23:32:28.850635700Z main DEBUG PluginManager 'Core' found 134 plugins
2025-08-11T23:32:28.850635700Z main DEBUG PluginManager 'Level' found 0 plugins
2025-08-11T23:32:28.857209500Z main DEBUG Building Plugin[name=Property, class=org.apache.logging.log4j.core.config.Property].
2025-08-11T23:32:28.874563200Z main DEBUG PluginManager 'TypeConverter' found 26 plugins
2025-08-11T23:32:28.876574300Z main DEBUG createProperty(name="basePath", value="./logs", Configuration(D:\ITI\Automation project\orangehrm\target\test-classes\log4j2.xml))
2025-08-11T23:32:28.876574300Z main DEBUG Building Plugin[name=Properties, class=org.apache.logging.log4j.core.config.PropertiesPlugin].
2025-08-11T23:32:28.885865Z main DEBUG configureSubstitutor(={basePath=./logs}, Configuration(D:\ITI\Automation project\orangehrm\target\test-classes\log4j2.xml))
2025-08-11T23:32:28.885865Z main DEBUG PluginManager 'Lookup' found 16 plugins
2025-08-11T23:32:28.885865Z main DEBUG Building Plugin[name=layout, class=org.apache.logging.log4j.core.layout.PatternLayout].
2025-08-11T23:32:28.890225100Z main DEBUG PatternLayout$Builder(pattern="%d{HH:mm:ss.SSS} [%t] %-5level %logger{36} - %msg%n", PatternSelector=null, Configuration(D:\ITI\Automation project\orangehrm\target\test-classes\log4j2.xml), Replace=null, charset="null", alwaysWriteExceptions="null", disableAnsi="null", noConsoleNoAnsi="null", header="null", footer="null")
2025-08-11T23:32:28.890225100Z main DEBUG PluginManager 'Converter' found 45 plugins
2025-08-11T23:32:28.937758Z main DEBUG Building Plugin[name=appender, class=org.apache.logging.log4j.core.appender.ConsoleAppender].
2025-08-11T23:32:28.953466600Z main DEBUG ConsoleAppender$Builder(target="SYSTEM_OUT", follow="null", direct="null", bufferedIo="null", bufferSize="null", immediateFlush="null", ignoreExceptions="null", PatternLayout(%d{HH:mm:ss.SSS} [%t] %-5level %logger{36} - %msg%n), name="Console", Configuration(D:\ITI\Automation project\orangehrm\target\test-classes\log4j2.xml), Filter=null, ={})
2025-08-11T23:32:28.958483900Z main DEBUG Starting OutputStreamManager SYSTEM_OUT.false.false
2025-08-11T23:32:28.958483900Z main DEBUG Building Plugin[name=layout, class=org.apache.logging.log4j.core.layout.PatternLayout].
2025-08-11T23:32:28.958483900Z main DEBUG PatternLayout$Builder(pattern="%d{HH:mm:ss.SSS} [%t] %-5level %logger{36} - %msg%n", PatternSelector=null, Configuration(D:\ITI\Automation project\orangehrm\target\test-classes\log4j2.xml), Replace=null, charset="null", alwaysWriteExceptions="null", disableAnsi="null", noConsoleNoAnsi="null", header="null", footer="null")
2025-08-11T23:32:28.958483900Z main DEBUG Building Plugin[name=SizeBasedTriggeringPolicy, class=org.apache.logging.log4j.core.appender.rolling.SizeBasedTriggeringPolicy].
2025-08-11T23:32:28.964637700Z main DEBUG createPolicy(size="50000")
2025-08-11T23:32:28.964637700Z main DEBUG Building Plugin[name=appender, class=org.apache.logging.log4j.core.appender.RollingFileAppender].
2025-08-11T23:32:28.964637700Z main DEBUG RollingFileAppender$Builder(fileName="./logs/automation.log", filePattern="./logs/automation-%d{yyyy-MM-dd}.log", append="null", locking="null", SizeBasedTriggeringPolicy(SizeBasedTriggeringPolicy(size=50000)), Strategy=null, advertise="null", advertiseUri="null", createOnDemand="null", filePermissions="null", fileOwner="null", fileGroup="null", bufferedIo="null", bufferSize="null", immediateFlush="null", ignoreExceptions="null", PatternLayout(%d{HH:mm:ss.SSS} [%t] %-5level %logger{36} - %msg%n), name="File", Configuration(D:\ITI\Automation project\orangehrm\target\test-classes\log4j2.xml), Filter=null, ={})
2025-08-11T23:32:28.981213100Z main DEBUG Returning file creation time for D:\ITI\Automation project\orangehrm\.\logs\automation.log
2025-08-11T23:32:28.981213100Z main DEBUG Starting RollingFileManager ./logs/automation.log
2025-08-11T23:32:28.988414100Z main DEBUG PluginManager 'FileConverter' found 2 plugins
2025-08-11T23:32:28.991119800Z main DEBUG Setting prev file time to 2025-08-12T02:32:28.981+0300
2025-08-11T23:32:28.991119800Z main DEBUG Initializing triggering policy SizeBasedTriggeringPolicy(size=50000)
2025-08-11T23:32:28.991119800Z main DEBUG Building Plugin[name=Appenders, class=org.apache.logging.log4j.core.config.AppendersPlugin].
2025-08-11T23:32:28.991119800Z main DEBUG createAppenders(={Console, File})
2025-08-11T23:32:28.991119800Z main DEBUG Building Plugin[name=AppenderRef, class=org.apache.logging.log4j.core.config.AppenderRef].
2025-08-11T23:32:28.991119800Z main DEBUG createAppenderRef(ref="File", level="null", Filter=null)
2025-08-11T23:32:28.991119800Z main DEBUG Building Plugin[name=Root, class=org.apache.logging.log4j.core.config.LoggerConfig$RootLogger].
2025-08-11T23:32:28.996684500Z main DEBUG LoggerConfig$RootLogger$Builder(additivity="null", level="DEBUG", levelAndRefs="null", includeLocation="null", ={File}, ={}, Configuration(D:\ITI\Automation project\orangehrm\target\test-classes\log4j2.xml), Filter=null)
2025-08-11T23:32:28.996684500Z main DEBUG Building Plugin[name=Loggers, class=org.apache.logging.log4j.core.config.LoggersPlugin].
2025-08-11T23:32:29.004351600Z main DEBUG createLoggers(={root})
2025-08-11T23:32:29.004351600Z main DEBUG Configuration XmlConfiguration[location=D:\ITI\Automation project\orangehrm\target\test-classes\log4j2.xml, lastModified=2025-08-11T22:34:59.263Z] initialized
2025-08-11T23:32:29.004351600Z main INFO Starting configuration XmlConfiguration[location=D:\ITI\Automation project\orangehrm\target\test-classes\log4j2.xml, lastModified=2025-08-11T22:34:59.263Z]...
2025-08-11T23:32:29.004351600Z main INFO Configuration XmlConfiguration[location=D:\ITI\Automation project\orangehrm\target\test-classes\log4j2.xml, lastModified=2025-08-11T22:34:59.263Z] started.
2025-08-11T23:32:29.012623500Z main INFO Stopping configuration org.apache.logging.log4j.core.config.DefaultConfiguration@372ea2bc...
2025-08-11T23:32:29.012623500Z main DEBUG Shutting down OutputStreamManager SYSTEM_OUT.false.false-1
2025-08-11T23:32:29.012623500Z main DEBUG OutputStream closed
2025-08-11T23:32:29.012623500Z main DEBUG Shut down OutputStreamManager SYSTEM_OUT.false.false-1, all resources released: true
2025-08-11T23:32:29.012623500Z main DEBUG Appender DefaultConsole-1 stopped with status true
2025-08-11T23:32:29.012623500Z main INFO Configuration org.apache.logging.log4j.core.config.DefaultConfiguration@372ea2bc stopped.
2025-08-11T23:32:29.028291700Z main DEBUG org.apache.logging.log4j.core.util.SystemClock supports precise timestamps.
2025-08-11T23:32:29.028291700Z main DEBUG Reconfiguration complete for context[name=c387f44] at URI D:\ITI\Automation project\orangehrm\target\test-classes\log4j2.xml (org.apache.logging.log4j.core.LoggerContext@595f4da5) with optional ClassLoader: null
2025-08-11T23:32:29.028291700Z main DEBUG Shutdown hook enabled. Registering a new one.
2025-08-11T23:32:29.028291700Z main DEBUG LoggerContext[name=c387f44, org.apache.logging.log4j.core.LoggerContext@595f4da5] started OK.
Aug 12, 2025 2:32:38 AM org.openqa.selenium.devtools.CdpVersionFinder findNearestMatch
WARNING: Unable to find CDP implementation matching 132
Aug 12, 2025 2:32:38 AM org.openqa.selenium.chromium.ChromiumDriver lambda$new$4
WARNING: Unable to find version of CDP to use for 132.0.6834.159. You may need to include a dependency on a specific version of the CDP using something similar to `org.seleniumhq.selenium:selenium-devtools-v86:4.34.0` where the version ("v86") matches the version of the chromium-based browser you're using and the version number of the artifact is the same as Selenium's.
]]></system-err>
  </testcase>
  <testcase name="Verify_Login" classname="testCases.login_Tests.TC001_LoginTest" time="2.433"/>
  <testcase name="Verify_Login" classname="testCases.login_Tests.TC001_LoginTest" time="2.879">
    <system-err><![CDATA[Aug 12, 2025 2:37:41 AM org.openqa.selenium.manager.SeleniumManager lambda$runCommand$1
WARNING: There was an error managing msedgedriver (error sending request for url (https://msedgedriver.azureedge.net/LATEST_RELEASE_138_WINDOWS)); using driver found in the cache
]]></system-err>
  </testcase>
  <testcase name="Verify_Login_with_dataDrivenTesting[, , fail](1)" classname="testCases.login_Tests.TC002_Login_DataDrivenTesting" time="0.744">
    <system-err><![CDATA[Aug 12, 2025 2:32:45 AM org.openqa.selenium.devtools.CdpVersionFinder findNearestMatch
WARNING: Unable to find CDP implementation matching 132
Aug 12, 2025 2:32:45 AM org.openqa.selenium.chromium.ChromiumDriver lambda$new$4
WARNING: Unable to find version of CDP to use for 132.0.6834.159. You may need to include a dependency on a specific version of the CDP using something similar to `org.seleniumhq.selenium:selenium-devtools-v86:4.34.0` where the version ("v86") matches the version of the chromium-based browser you're using and the version number of the artifact is the same as Selenium's.
]]></system-err>
  </testcase>
  <testcase name="Verify_Login_with_dataDrivenTesting[, , fail](1)" classname="testCases.login_Tests.TC002_Login_DataDrivenTesting" time="0.357"/>
  <testcase name="Verify_Login_with_dataDrivenTesting[, , fail](1)" classname="testCases.login_Tests.TC002_Login_DataDrivenTesting" time="0.748">
    <system-err><![CDATA[Aug 12, 2025 2:37:47 AM org.openqa.selenium.manager.SeleniumManager lambda$runCommand$1
WARNING: There was an error managing msedgedriver (error sending request for url (https://msedgedriver.azureedge.net/LATEST_RELEASE_138_WINDOWS)); using driver found in the cache
]]></system-err>
  </testcase>
  <testcase name="Verify_Login_with_dataDrivenTesting[, admin123, fail](2)" classname="testCases.login_Tests.TC002_Login_DataDrivenTesting" time="0.726"/>
  <testcase name="Verify_Login_with_dataDrivenTesting[, admin123, fail](2)" classname="testCases.login_Tests.TC002_Login_DataDrivenTesting" time="0.227"/>
  <testcase name="Verify_Login_with_dataDrivenTesting[, admin123, fail](2)" classname="testCases.login_Tests.TC002_Login_DataDrivenTesting" time="0.596"/>
  <testcase name="Verify_Login_with_dataDrivenTesting[Admin, , fail](3)" classname="testCases.login_Tests.TC002_Login_DataDrivenTesting" time="0.676"/>
  <testcase name="Verify_Login_with_dataDrivenTesting[Admin, , fail](3)" classname="testCases.login_Tests.TC002_Login_DataDrivenTesting" time="0.266"/>
  <testcase name="Verify_Login_with_dataDrivenTesting[Admin, , fail](3)" classname="testCases.login_Tests.TC002_Login_DataDrivenTesting" time="0.639"/>
  <testcase name="Verify_Login_with_dataDrivenTesting[A, admin123, fail](4)" classname="testCases.login_Tests.TC002_Login_DataDrivenTesting" time="1.903"/>
  <testcase name="Verify_Login_with_dataDrivenTesting[A, admin123, fail](4)" classname="testCases.login_Tests.TC002_Login_DataDrivenTesting" time="1.5"/>
  <testcase name="Verify_Login_with_dataDrivenTesting[A, admin123, fail](4)" classname="testCases.login_Tests.TC002_Login_DataDrivenTesting" time="1.792"/>
  <testcase name="Verify_Login_with_dataDrivenTesting[Admin, admin123, pass](5)" classname="testCases.login_Tests.TC002_Login_DataDrivenTesting" time="3.47"/>
  <testcase name="Verify_Login_with_dataDrivenTesting[Admin, admin123, pass](5)" classname="testCases.login_Tests.TC002_Login_DataDrivenTesting" time="3.248"/>
  <testcase name="Verify_Login_with_dataDrivenTesting[Admin, admin123, pass](5)" classname="testCases.login_Tests.TC002_Login_DataDrivenTesting" time="3.144"/>
  <testcase name="Verify_Login_with_dataDrivenTesting[Admin, 123, fail](6)" classname="testCases.login_Tests.TC002_Login_DataDrivenTesting" time="2.601"/>
  <testcase name="Verify_Login_with_dataDrivenTesting[Admin, 123, fail](6)" classname="testCases.login_Tests.TC002_Login_DataDrivenTesting" time="2.525"/>
  <testcase name="Verify_Login_with_dataDrivenTesting[Admin, 123, fail](6)" classname="testCases.login_Tests.TC002_Login_DataDrivenTesting" time="2.713"/>
  <testcase name="Verify_AddEmployee" classname="testCases.EmployeeEndtoEnd_Tests.TC003_AddEmployeeTest" time="9.904">
    <system-err><![CDATA[Aug 12, 2025 2:33:00 AM org.openqa.selenium.devtools.CdpVersionFinder findNearestMatch
WARNING: Unable to find CDP implementation matching 132
Aug 12, 2025 2:33:00 AM org.openqa.selenium.chromium.ChromiumDriver lambda$new$4
WARNING: Unable to find version of CDP to use for 132.0.6834.159. You may need to include a dependency on a specific version of the CDP using something similar to `org.seleniumhq.selenium:selenium-devtools-v86:4.34.0` where the version ("v86") matches the version of the chromium-based browser you're using and the version number of the artifact is the same as Selenium's.
]]></system-err>
  </testcase>
  <testcase name="Verify_AddEmployee" classname="testCases.EmployeeEndtoEnd_Tests.TC003_AddEmployeeTest" time="8.725"/>
  <testcase name="Verify_AddEmployee" classname="testCases.EmployeeEndtoEnd_Tests.TC003_AddEmployeeTest" time="9.217">
    <system-err><![CDATA[Aug 12, 2025 2:38:01 AM org.openqa.selenium.manager.SeleniumManager lambda$runCommand$1
WARNING: There was an error managing msedgedriver (error sending request for url (https://msedgedriver.azureedge.net/LATEST_RELEASE_138_WINDOWS)); using driver found in the cache
]]></system-err>
  </testcase>
  <testcase name="Verify_SearchEmployee" classname="testCases.EmployeeEndtoEnd_Tests.TC004_SearchforEmployeeTest" time="8.636">
    <system-err><![CDATA[Aug 12, 2025 2:33:13 AM org.openqa.selenium.devtools.CdpVersionFinder findNearestMatch
WARNING: Unable to find CDP implementation matching 132
Aug 12, 2025 2:33:13 AM org.openqa.selenium.chromium.ChromiumDriver lambda$new$4
WARNING: Unable to find version of CDP to use for 132.0.6834.159. You may need to include a dependency on a specific version of the CDP using something similar to `org.seleniumhq.selenium:selenium-devtools-v86:4.34.0` where the version ("v86") matches the version of the chromium-based browser you're using and the version number of the artifact is the same as Selenium's.
]]></system-err>
  </testcase>
  <testcase name="Verify_SearchEmployee" classname="testCases.EmployeeEndtoEnd_Tests.TC004_SearchforEmployeeTest" time="8.224"/>
  <testcase name="Verify_SearchEmployee" classname="testCases.EmployeeEndtoEnd_Tests.TC004_SearchforEmployeeTest" time="8.523">
    <system-err><![CDATA[Aug 12, 2025 2:38:14 AM org.openqa.selenium.manager.SeleniumManager lambda$runCommand$1
WARNING: There was an error managing msedgedriver (error sending request for url (https://msedgedriver.azureedge.net/LATEST_RELEASE_138_WINDOWS)); using driver found in the cache
]]></system-err>
  </testcase>
  <testcase name="Verify_LoginWithNewEmployee" classname="testCases.EmployeeEndtoEnd_Tests.TC005_LoginNewEmployeeTest" time="3.035">
    <system-err><![CDATA[Aug 12, 2025 2:33:25 AM org.openqa.selenium.devtools.CdpVersionFinder findNearestMatch
WARNING: Unable to find CDP implementation matching 132
Aug 12, 2025 2:33:25 AM org.openqa.selenium.chromium.ChromiumDriver lambda$new$4
WARNING: Unable to find version of CDP to use for 132.0.6834.159. You may need to include a dependency on a specific version of the CDP using something similar to `org.seleniumhq.selenium:selenium-devtools-v86:4.34.0` where the version ("v86") matches the version of the chromium-based browser you're using and the version number of the artifact is the same as Selenium's.
]]></system-err>
  </testcase>
  <testcase name="Verify_LoginWithNewEmployee" classname="testCases.EmployeeEndtoEnd_Tests.TC005_LoginNewEmployeeTest" time="2.44"/>
  <testcase name="Verify_LoginWithNewEmployee" classname="testCases.EmployeeEndtoEnd_Tests.TC005_LoginNewEmployeeTest" time="2.834">
    <system-err><![CDATA[Aug 12, 2025 2:38:26 AM org.openqa.selenium.manager.SeleniumManager lambda$runCommand$1
WARNING: There was an error managing msedgedriver (error sending request for url (https://msedgedriver.azureedge.net/LATEST_RELEASE_138_WINDOWS)); using driver found in the cache
]]></system-err>
  </testcase>
  <testcase name="Verify_TerminateEmployeeContract" classname="testCases.EmployeeEndtoEnd_Tests.TC006_TerminateEmployeeContractTest" time="14.475">
    <system-err><![CDATA[Aug 12, 2025 2:33:31 AM org.openqa.selenium.devtools.CdpVersionFinder findNearestMatch
WARNING: Unable to find CDP implementation matching 132
Aug 12, 2025 2:33:31 AM org.openqa.selenium.chromium.ChromiumDriver lambda$new$4
WARNING: Unable to find version of CDP to use for 132.0.6834.159. You may need to include a dependency on a specific version of the CDP using something similar to `org.seleniumhq.selenium:selenium-devtools-v86:4.34.0` where the version ("v86") matches the version of the chromium-based browser you're using and the version number of the artifact is the same as Selenium's.
]]></system-err>
  </testcase>
  <testcase name="Verify_TerminateEmployeeContract" classname="testCases.EmployeeEndtoEnd_Tests.TC006_TerminateEmployeeContractTest" time="14.285"/>
  <testcase name="Verify_TerminateEmployeeContract" classname="testCases.EmployeeEndtoEnd_Tests.TC006_TerminateEmployeeContractTest" time="18.952">
    <system-err><![CDATA[Aug 12, 2025 2:38:32 AM org.openqa.selenium.manager.SeleniumManager lambda$runCommand$1
WARNING: There was an error managing msedgedriver (error sending request for url (https://msedgedriver.azureedge.net/LATEST_RELEASE_138_WINDOWS)); using driver found in the cache
]]></system-err>
  </testcase>
  <testcase name="Verify_LoginWithNewEmployee" classname="testCases.EmployeeEndtoEnd_Tests.TC007_LoginAsTerminatedEmployeeTest" time="2.873">
    <system-err><![CDATA[Aug 12, 2025 2:33:49 AM org.openqa.selenium.devtools.CdpVersionFinder findNearestMatch
WARNING: Unable to find CDP implementation matching 132
Aug 12, 2025 2:33:49 AM org.openqa.selenium.chromium.ChromiumDriver lambda$new$4
WARNING: Unable to find version of CDP to use for 132.0.6834.159. You may need to include a dependency on a specific version of the CDP using something similar to `org.seleniumhq.selenium:selenium-devtools-v86:4.34.0` where the version ("v86") matches the version of the chromium-based browser you're using and the version number of the artifact is the same as Selenium's.
]]></system-err>
  </testcase>
  <testcase name="Verify_LoginWithNewEmployee" classname="testCases.EmployeeEndtoEnd_Tests.TC007_LoginAsTerminatedEmployeeTest" time="2.46"/>
  <testcase name="Verify_LoginWithNewEmployee" classname="testCases.EmployeeEndtoEnd_Tests.TC007_LoginAsTerminatedEmployeeTest" time="4.508">
    <system-err><![CDATA[Aug 12, 2025 2:38:55 AM org.openqa.selenium.manager.SeleniumManager lambda$runCommand$1
WARNING: There was an error managing msedgedriver (error sending request for url (https://msedgedriver.azureedge.net/LATEST_RELEASE_138_WINDOWS)); using driver found in the cache
2025-08-11T23:38:59.011770400Z main DEBUG Formatting file name. useCurrentTime=false. currentFileTime=0, prevFileTime=0
2025-08-11T23:38:59.011770400Z main DEBUG Eligible files: {}
2025-08-11T23:38:59.011770400Z main DEBUG Formatting file name. useCurrentTime=false. currentFileTime=0, prevFileTime=0
2025-08-11T23:38:59.011770400Z main DEBUG OutputStream closed
2025-08-11T23:38:59.011770400Z main DEBUG RollingFileManager executing synchronous FileRenameAction[.\logs\automation.log to .\logs\automation-2025-08-12.log, renameEmptyFiles=false]
2025-08-11T23:38:59.011770400Z main DEBUG Now writing to ./logs/automation.log at 2025-08-12T02:38:59.011+0300
]]></system-err>
  </testcase>
  <testcase name="Verify_AddEmployee" classname="testCases.EmployeeEndtoEnd_Tests.TC008_RemoveEmployeeTest" time="9.946">
    <system-err><![CDATA[Aug 12, 2025 2:33:55 AM org.openqa.selenium.devtools.CdpVersionFinder findNearestMatch
WARNING: Unable to find CDP implementation matching 132
Aug 12, 2025 2:33:55 AM org.openqa.selenium.chromium.ChromiumDriver lambda$new$4
WARNING: Unable to find version of CDP to use for 132.0.6834.159. You may need to include a dependency on a specific version of the CDP using something similar to `org.seleniumhq.selenium:selenium-devtools-v86:4.34.0` where the version ("v86") matches the version of the chromium-based browser you're using and the version number of the artifact is the same as Selenium's.
]]></system-err>
  </testcase>
  <testcase name="Verify_AddEmployee" classname="testCases.EmployeeEndtoEnd_Tests.TC008_RemoveEmployeeTest" time="9.255"/>
  <testcase name="Verify_AddEmployee" classname="testCases.EmployeeEndtoEnd_Tests.TC008_RemoveEmployeeTest" time="9.806">
    <system-err><![CDATA[Aug 12, 2025 2:39:03 AM org.openqa.selenium.manager.SeleniumManager lambda$runCommand$1
WARNING: There was an error managing msedgedriver (error sending request for url (https://msedgedriver.azureedge.net/LATEST_RELEASE_138_WINDOWS)); using driver found in the cache
]]></system-err>
  </testcase>
  <testcase name="Validate_AddingVacancy" classname="testCases.CandidateEndtoEnd_Tests.TC009_CandidateAddingToHiring_Test" time="11.546">
    <system-err><![CDATA[Aug 12, 2025 2:34:08 AM org.openqa.selenium.devtools.CdpVersionFinder findNearestMatch
WARNING: Unable to find CDP implementation matching 132
Aug 12, 2025 2:34:08 AM org.openqa.selenium.chromium.ChromiumDriver lambda$new$4
WARNING: Unable to find version of CDP to use for 132.0.6834.159. You may need to include a dependency on a specific version of the CDP using something similar to `org.seleniumhq.selenium:selenium-devtools-v86:4.34.0` where the version ("v86") matches the version of the chromium-based browser you're using and the version number of the artifact is the same as Selenium's.
]]></system-err>
  </testcase>
  <testcase name="Validate_AddingVacancy" classname="testCases.CandidateEndtoEnd_Tests.TC009_CandidateAddingToHiring_Test" time="11.858"/>
  <testcase name="Validate_AddingVacancy" classname="testCases.CandidateEndtoEnd_Tests.TC009_CandidateAddingToHiring_Test" time="11.404">
    <system-err><![CDATA[Aug 12, 2025 2:39:17 AM org.openqa.selenium.manager.SeleniumManager lambda$runCommand$1
WARNING: There was an error managing msedgedriver (error sending request for url (https://msedgedriver.azureedge.net/LATEST_RELEASE_138_WINDOWS)); using driver found in the cache
]]></system-err>
  </testcase>
  <testcase name="Validate_AddingCandidate" classname="testCases.CandidateEndtoEnd_Tests.TC009_CandidateAddingToHiring_Test" time="4.317"/>
  <testcase name="Validate_AddingCandidate" classname="testCases.CandidateEndtoEnd_Tests.TC009_CandidateAddingToHiring_Test" time="3.633"/>
  <testcase name="Validate_AddingCandidate" classname="testCases.CandidateEndtoEnd_Tests.TC009_CandidateAddingToHiring_Test" time="4.35"/>
  <testcase name="Validate_AddCandidateToShortList" classname="testCases.CandidateEndtoEnd_Tests.TC009_CandidateAddingToHiring_Test" time="5.732"/>
  <testcase name="Validate_AddCandidateToShortList" classname="testCases.CandidateEndtoEnd_Tests.TC009_CandidateAddingToHiring_Test" time="5.903"/>
  <testcase name="Validate_AddCandidateToShortList" classname="testCases.CandidateEndtoEnd_Tests.TC009_CandidateAddingToHiring_Test" time="5.656"/>
  <testcase name="Validate_SchedulingInterview" classname="testCases.CandidateEndtoEnd_Tests.TC009_CandidateAddingToHiring_Test" time="7.916"/>
  <testcase name="Validate_SchedulingInterview" classname="testCases.CandidateEndtoEnd_Tests.TC009_CandidateAddingToHiring_Test" time="7.153"/>
  <testcase name="Validate_SchedulingInterview" classname="testCases.CandidateEndtoEnd_Tests.TC009_CandidateAddingToHiring_Test" time="7.783"/>
  <testcase name="Validate_PassingInterview" classname="testCases.CandidateEndtoEnd_Tests.TC009_CandidateAddingToHiring_Test" time="5.284"/>
  <testcase name="Validate_PassingInterview" classname="testCases.CandidateEndtoEnd_Tests.TC009_CandidateAddingToHiring_Test" time="5.368"/>
  <testcase name="Validate_PassingInterview" classname="testCases.CandidateEndtoEnd_Tests.TC009_CandidateAddingToHiring_Test" time="5.583"/>
  <testcase name="Validate_OfferJob" classname="testCases.CandidateEndtoEnd_Tests.TC009_CandidateAddingToHiring_Test" time="5.317"/>
  <testcase name="Validate_OfferJob" classname="testCases.CandidateEndtoEnd_Tests.TC009_CandidateAddingToHiring_Test" time="5.312"/>
  <testcase name="Validate_OfferJob" classname="testCases.CandidateEndtoEnd_Tests.TC009_CandidateAddingToHiring_Test" time="5.599"/>
  <testcase name="Validate_HiringCandidate" classname="testCases.CandidateEndtoEnd_Tests.TC009_CandidateAddingToHiring_Test" time="5.258"/>
  <testcase name="Validate_HiringCandidate" classname="testCases.CandidateEndtoEnd_Tests.TC009_CandidateAddingToHiring_Test" time="5.808"/>
  <testcase name="Validate_HiringCandidate" classname="testCases.CandidateEndtoEnd_Tests.TC009_CandidateAddingToHiring_Test" time="6.299"/>
</testsuite>