<?xml version="1.0" encoding="UTF-8"?>
<!-- Generated by org.testng.reporters.JUnitXMLReporter -->
<testsuite ignored="19" hostname="LAPTOP-4E50I06M" failures="0" tests="4" name="edgeTest" time="31.853" errors="0" timestamp="2025-08-11T17:59:50 EEST">
  <testcase classname="testCases.login_Tests.TC001_LoginTest" name="Verify_Login" time="2.307"/>
  <testcase classname="testCases.EmployeeEndtoEnd_Tests.TC003_AddEmployeeTest" name="Verify_AddEmployee" time="7.825"/>
  <testcase classname="testCases.CandidateEndtoEnd_Tests.TC009_CandidateAddingToHiring_Test" name="Validate_AddingVacancy" time="9.518"/>
  <testcase classname="testCases.CandidateEndtoEnd_Tests.TC009_CandidateAddingToHiring_Test" name="Validate_AddingCandidate" time="3.126"/>
  <testcase classname="testCases.EmployeeEndtoEnd_Tests.TC004_SearchforEmployeeTest" name="Verify_AddEmployee" time="0.0">
    <ignored/>
  </testcase> <!-- Verify_AddEmployee -->
  <testcase classname="testBase.BaseClass" name="@AfterTest teardownRandomObject" time="0.0">
    <ignored/>
  </testcase> <!-- @AfterTest teardownRandomObject -->
  <testcase classname="testCases.EmployeeEndtoEnd_Tests.TC008_RemoveEmployeeTest" name="Verify_AddEmployee" time="0.0">
    <ignored/>
  </testcase> <!-- Verify_AddEmployee -->
  <testcase classname="testBase.BaseClass" name="@AfterTest teardownRandomObject" time="0.0">
    <ignored/>
  </testcase> <!-- @AfterTest teardownRandomObject -->
  <testcase classname="testCases.CandidateEndtoEnd_Tests.TC009_CandidateAddingToHiring_Test" name="Validate_SchedulingInterview" time="0.0">
    <ignored/>
  </testcase> <!-- Validate_SchedulingInterview -->
  <testcase classname="testBase.BaseClass" name="@AfterTest teardownRandomObject" time="0.0">
    <ignored/>
  </testcase> <!-- @AfterTest teardownRandomObject -->
  <testcase classname="testCases.CandidateEndtoEnd_Tests.TC009_CandidateAddingToHiring_Test" name="Validate_PassingInterview" time="0.0">
    <ignored/>
  </testcase> <!-- Validate_PassingInterview -->
  <testcase classname="testBase.BaseClass" name="@AfterTest teardownRandomObject" time="0.0">
    <ignored/>
  </testcase> <!-- @AfterTest teardownRandomObject -->
  <testcase classname="testBase.BaseClass" name="@AfterTest teardownRandomObject" time="0.0">
    <ignored/>
  </testcase> <!-- @AfterTest teardownRandomObject -->
  <testcase classname="testBase.BaseClass" name="@AfterTest teardownRandomObject" time="0.0">
    <ignored/>
  </testcase> <!-- @AfterTest teardownRandomObject -->
  <testcase classname="testCases.EmployeeEndtoEnd_Tests.TC005_LoginNewEmployeeTest" name="Verify_LoginWithNewEmployee" time="0.0">
    <ignored/>
  </testcase> <!-- Verify_LoginWithNewEmployee -->
  <testcase classname="testCases.CandidateEndtoEnd_Tests.TC009_CandidateAddingToHiring_Test" name="Validate_OfferJob" time="0.0">
    <ignored/>
  </testcase> <!-- Validate_OfferJob -->
  <testcase classname="testBase.BaseClass" name="@AfterTest teardownRandomObject" time="0.0">
    <ignored/>
  </testcase> <!-- @AfterTest teardownRandomObject -->
  <testcase classname="testBase.BaseClass" name="@AfterTest teardownRandomObject" time="0.0">
    <ignored/>
  </testcase> <!-- @AfterTest teardownRandomObject -->
  <testcase classname="testCases.CandidateEndtoEnd_Tests.TC009_CandidateAddingToHiring_Test" name="Validate_AddCandidateToShortList" time="0.0">
    <ignored/>
  </testcase> <!-- Validate_AddCandidateToShortList -->
  <testcase classname="testCases.EmployeeEndtoEnd_Tests.TC006_TerminateEmployeeContractTest" name="Verify_TerminateEmployeeContract" time="0.0">
    <ignored/>
  </testcase> <!-- Verify_TerminateEmployeeContract -->
  <testcase classname="testCases.CandidateEndtoEnd_Tests.TC009_CandidateAddingToHiring_Test" name="Validate_HiringCandidate" time="0.0">
    <ignored/>
  </testcase> <!-- Validate_HiringCandidate -->
  <testcase classname="testCases.login_Tests.TC002_Login_DataDrivenTesting" name="Verify_Login_with_dataDrivenTesting" time="0.0">
    <ignored/>
  </testcase> <!-- Verify_Login_with_dataDrivenTesting -->
  <testcase classname="testCases.EmployeeEndtoEnd_Tests.TC007_LoginAsTerminatedEmployeeTest" name="Verify_LoginWithNewEmployee" time="0.0">
    <ignored/>
  </testcase> <!-- Verify_LoginWithNewEmployee -->
</testsuite> <!-- edgeTest -->
