<?xml version="1.0" encoding="UTF-8"?>
<!-- Generated by org.testng.reporters.JUnitXMLReporter -->
<testsuite ignored="0" hostname="LAPTOP-4E50I06M" failures="0" tests="10" name="firefoxTest" time="73.856" errors="0" timestamp="2025-08-11T17:11:51 EEST">
  <testcase classname="testCases.login_Tests.TC001_LoginTest" name="Verify_Login" time="0.0">
    <skipped/>
  </testcase> <!-- Verify_Login -->
  <testcase classname="testCases.login_Tests.TC002_Login_DataDrivenTesting" name="Verify_Login_with_dataDrivenTesting" time="0.3"/>
  <testcase classname="testCases.login_Tests.TC002_Login_DataDrivenTesting" name="Verify_Login_with_dataDrivenTesting" time="0.206"/>
  <testcase classname="testCases.login_Tests.TC002_Login_DataDrivenTesting" name="Verify_Login_with_dataDrivenTesting" time="0.236"/>
  <testcase classname="testCases.login_Tests.TC002_Login_DataDrivenTesting" name="Verify_Login_with_dataDrivenTesting" time="1.346"/>
  <testcase classname="testCases.login_Tests.TC002_Login_DataDrivenTesting" name="Verify_Login_with_dataDrivenTesting" time="2.761"/>
  <testcase classname="testCases.login_Tests.TC002_Login_DataDrivenTesting" name="Verify_Login_with_dataDrivenTesting" time="2.236"/>
  <testcase classname="testCases.EmployeeEndtoEnd_Tests.TC003_AddEmployeeTest" name="Verify_AddEmployee" time="8.466"/>
  <testcase classname="testCases.EmployeeEndtoEnd_Tests.TC004_SearchforEmployeeTest" name="Verify_AddEmployee" time="5.999"/>
  <testcase classname="testCases.EmployeeEndtoEnd_Tests.TC005_LoginNewEmployeeTest" name="Verify_LoginWithNewEmployee" time="2.248"/>
</testsuite> <!-- firefoxTest -->
